Unity Editor version:    2022.3.13f1 (5f90a5ebde0f)
Branch:                  2022.3/staging
Build type:              Release
Batch mode:              YES
macOS version:           Version 14.2.1 (Build 23C71)
Darwin version:          23.2.0
Architecture:            arm64
Running under Rosetta:   NO
Available memory:        8192 MB
Using pre-set license
Pro License: YES

COMMAND LINE ARGUMENTS:
/Applications/2022.3.13f1/Unity.app/Contents/MacOS/Unity
-adb2
-batchMode
-noUpm
-name
AssetImportWorker0
-projectPath
/Users/parpaploy/Desktop/Portfolio/Y2S2/FarmHug/FarmHug Hub
-logFile
Logs/AssetImportWorker0.log
-srvPort
57311
Successfully changed project path to: /Users/parpaploy/Desktop/Portfolio/Y2S2/FarmHug/FarmHug Hub
/Users/parpaploy/Desktop/Portfolio/Y2S2/FarmHug/FarmHug Hub
[UnityMemory] Configuration Parameters - Can be set up in boot.config
    "memorysetup-bucket-allocator-granularity=16"
    "memorysetup-bucket-allocator-bucket-count=8"
    "memorysetup-bucket-allocator-block-size=33554432"
    "memorysetup-bucket-allocator-block-count=8"
    "memorysetup-main-allocator-block-size=16777216"
    "memorysetup-thread-allocator-block-size=16777216"
    "memorysetup-gfx-main-allocator-block-size=16777216"
    "memorysetup-gfx-thread-allocator-block-size=16777216"
    "memorysetup-cache-allocator-block-size=4194304"
    "memorysetup-typetree-allocator-block-size=2097152"
    "memorysetup-profiler-bucket-allocator-granularity=16"
    "memorysetup-profiler-bucket-allocator-bucket-count=8"
    "memorysetup-profiler-bucket-allocator-block-size=33554432"
    "memorysetup-profiler-bucket-allocator-block-count=8"
    "memorysetup-profiler-allocator-block-size=16777216"
    "memorysetup-profiler-editor-allocator-block-size=1048576"
    "memorysetup-temp-allocator-size-main=16777216"
    "memorysetup-job-temp-allocator-block-size=2097152"
    "memorysetup-job-temp-allocator-block-size-background=1048576"
    "memorysetup-job-temp-allocator-reduction-small-platforms=262144"
    "memorysetup-allocator-temp-initial-block-size-main=262144"
    "memorysetup-allocator-temp-initial-block-size-worker=262144"
    "memorysetup-temp-allocator-size-background-worker=32768"
    "memorysetup-temp-allocator-size-job-worker=262144"
    "memorysetup-temp-allocator-size-preload-manager=33554432"
    "memorysetup-temp-allocator-size-nav-mesh-worker=65536"
    "memorysetup-temp-allocator-size-audio-worker=65536"
    "memorysetup-temp-allocator-size-cloud-worker=32768"
    "memorysetup-temp-allocator-size-gi-baking-worker=262144"
    "memorysetup-temp-allocator-size-gfx=262144"
Player connection [8005914624] Host "[IP] 192.168.88.194 [Port] 0 [Flags] 2 [Guid] 1428941809 [EditorId] 1428941809 [Version] 1048832 [Id] OSXEditor(0,Ramitas-MacBook-Air.local) [Debug] 1 [PackageName] OSXEditor [ProjectName] Editor" joined multi-casting on [225.0.0.222:54997]...

Player connection [8005914624] Host "[IP] 192.168.88.194 [Port] 0 [Flags] 2 [Guid] 1428941809 [EditorId] 1428941809 [Version] 1048832 [Id] OSXEditor(0,Ramitas-MacBook-Air.local) [Debug] 1 [PackageName] OSXEditor [ProjectName] Editor" joined alternative multi-casting on [225.0.0.222:34997]...

[Physics::Module] Initialized MultithreadedJobDispatcher with 7 workers.
Refreshing native plugins compatible for Editor in 14.67 ms, found 2 plugins.
Preloading 0 native plugins for Editor in 0.00 ms.
Initialize engine version: 2022.3.13f1 (5f90a5ebde0f)
[Subsystems] Discovering subsystems at path /Applications/2022.3.13f1/Unity.app/Contents/Resources/UnitySubsystems
[Subsystems] Discovering subsystems at path /Users/parpaploy/Desktop/Portfolio/Y2S2/FarmHug/FarmHug Hub/Assets
GfxDevice: creating device client; threaded=0; jobified=0
 preferred device: Apple M2 (high power)
Metal devices available: 1
0: Apple M2 (high power)
Using device Apple M2 (high power)
Initializing Metal device caps: Apple M2
Initialize mono
Mono path[0] = '/Applications/2022.3.13f1/Unity.app/Contents/Managed'
Mono path[1] = '/Applications/2022.3.13f1/Unity.app/Contents/MonoBleedingEdge/lib/mono/unityjit-macos'
Mono config path = '/Applications/2022.3.13f1/Unity.app/Contents/MonoBleedingEdge/etc'
Using monoOptions --debugger-agent=transport=dt_socket,embedding=1,server=y,suspend=n,address=127.0.0.1:56635
Begin MonoManager ReloadAssembly
Registering precompiled unity dll's ...
Register platform support module: /Applications/2022.3.13f1/PlaybackEngines/WebGLSupport/UnityEditor.WebGL.Extensions.dll
Register platform support module: /Applications/2022.3.13f1/Unity.app/Contents/PlaybackEngines/MacStandaloneSupport/UnityEditor.OSXStandalone.Extensions.dll
Register platform support module: /Applications/2022.3.13f1/PlaybackEngines/AndroidPlayer/UnityEditor.Android.Extensions.dll
Register platform support module: /Applications/2022.3.13f1/PlaybackEngines/iOSSupport/UnityEditor.iOS.Extensions.dll
Register platform support module: /Applications/2022.3.13f1/PlaybackEngines/WindowsStandaloneSupport/UnityEditor.WindowsStandalone.Extensions.dll
Registered in 0.005555 seconds.
- Loaded All Assemblies, in  0.264 seconds
Native extension for WindowsStandalone target not found
[usbmuxd] Start listen thread
[usbmuxd] Listen thread started
[usbmuxd] Send listen message
Native extension for iOS target not found
Native extension for Android target not found
Android Extension - Scanning For ADB Devices 233 ms
Native extension for OSXStandalone target not found
Native extension for WebGL target not found
Mono: successfully reloaded assembly
- Finished resetting the current domain, in  0.652 seconds
Domain Reload Profiling: 916ms
	BeginReloadAssembly (90ms)
		ExecutionOrderSort (0ms)
		DisableScriptedObjects (0ms)
		BackupInstance (0ms)
		ReleaseScriptingObjects (0ms)
		CreateAndSetChildDomain (1ms)
	RebuildCommonClasses (23ms)
	RebuildNativeTypeToScriptingClass (8ms)
	initialDomainReloadingComplete (33ms)
	LoadAllAssembliesAndSetupDomain (109ms)
		LoadAssemblies (92ms)
		RebuildTransferFunctionScriptingTraits (0ms)
		AnalyzeDomain (105ms)
			TypeCache.Refresh (104ms)
				TypeCache.ScanAssembly (90ms)
			ScanForSourceGeneratedMonoScriptInfo (0ms)
			ResolveRequiredComponents (0ms)
	FinalizeReload (652ms)
		ReleaseScriptCaches (0ms)
		RebuildScriptCaches (0ms)
		SetupLoadedEditorAssemblies (611ms)
			LogAssemblyErrors (0ms)
			InitializePlatformSupportModulesInManaged (525ms)
			SetLoadedEditorAssemblies (2ms)
			RefreshPlugins (0ms)
			BeforeProcessingInitializeOnLoad (2ms)
			ProcessInitializeOnLoadAttributes (51ms)
			ProcessInitializeOnLoadMethodAttributes (31ms)
			AfterProcessingInitializeOnLoad (0ms)
			EditorAssembliesLoaded (0ms)
		ExecutionOrderSort2 (0ms)
		AwakeInstancesAfterBackupRestoration (0ms)
========================================================================
Worker process is ready to serve import requests
Begin MonoManager ReloadAssembly
- Loaded All Assemblies, in  0.547 seconds
Refreshing native plugins compatible for Editor in 1.88 ms, found 2 plugins.
Script error: OnTriggerEnter
This message parameter has to be of type: Collider
The message will be ignored.
Script error: OnTriggerExit
This message parameter has to be of type: Collider
The message will be ignored.
Native extension for WindowsStandalone target not found
Native extension for iOS target not found
Native extension for Android target not found
Native extension for OSXStandalone target not found
Native extension for WebGL target not found
Package Manager log level set to [2]
[Package Manager] Server::EnsureServerProcessIsRunning -- launch failed, reason: Unity was launched with the -noUpm command-line argument
[Package Manager] UpmClient::Send -- Unable to send message (not connected to UPM process).
[Package Manager] Cannot connect to Unity Package Manager local server
Mono: successfully reloaded assembly
- Finished resetting the current domain, in  0.677 seconds
Domain Reload Profiling: 1225ms
	BeginReloadAssembly (140ms)
		ExecutionOrderSort (0ms)
		DisableScriptedObjects (3ms)
		BackupInstance (0ms)
		ReleaseScriptingObjects (0ms)
		CreateAndSetChildDomain (38ms)
	RebuildCommonClasses (23ms)
	RebuildNativeTypeToScriptingClass (8ms)
	initialDomainReloadingComplete (23ms)
	LoadAllAssembliesAndSetupDomain (354ms)
		LoadAssemblies (254ms)
		RebuildTransferFunctionScriptingTraits (0ms)
		AnalyzeDomain (173ms)
			TypeCache.Refresh (160ms)
				TypeCache.ScanAssembly (125ms)
			ScanForSourceGeneratedMonoScriptInfo (8ms)
			ResolveRequiredComponents (4ms)
	FinalizeReload (677ms)
		ReleaseScriptCaches (0ms)
		RebuildScriptCaches (0ms)
		SetupLoadedEditorAssemblies (305ms)
			LogAssemblyErrors (0ms)
			InitializePlatformSupportModulesInManaged (70ms)
			SetLoadedEditorAssemblies (3ms)
			RefreshPlugins (0ms)
			BeforeProcessingInitializeOnLoad (32ms)
			ProcessInitializeOnLoadAttributes (189ms)
			ProcessInitializeOnLoadMethodAttributes (10ms)
			AfterProcessingInitializeOnLoad (1ms)
			EditorAssembliesLoaded (0ms)
		ExecutionOrderSort2 (0ms)
		AwakeInstancesAfterBackupRestoration (2ms)
Launching external process: /Applications/2022.3.13f1/Unity.app/Contents/Tools/UnityShaderCompiler
Launched and connected shader compiler UnityShaderCompiler after 0.09 seconds
Refreshing native plugins compatible for Editor in 0.86 ms, found 2 plugins.
Preloading 0 native plugins for Editor in 0.00 ms.
Unloading 3260 Unused Serialized files (Serialized files now loaded: 0)
Unloading 45 unused Assets / (124.5 KB). Loaded Objects now: 3741.
Memory consumption went from 145.1 MB to 145.0 MB.
Total: 7.361125 ms (FindLiveObjects: 0.313042 ms CreateObjectMapping: 0.084417 ms MarkObjects: 6.556042 ms  DeleteObjects: 0.405750 ms)

AssetImportParameters requested are different than current active one (requested -> active):
  custom:container-demuxer-ogg: 62fdf1f143b41e24485cea50d1cbac27 -> 
  custom:video-decoder-ogg-theora: a1e56fd34408186e4bbccfd4996cb3dc -> 
  custom:container-demuxer-webm: 4f35f7cbe854078d1ac9338744f61a02 -> 
  custom:container-muxer-webm: aa71ff27fc2769a1b78a27578f13a17b -> 
  custom:video-decoder-webm-vp8: 9c59270c3fd7afecdb556c50c9e8de78 -> 
  custom:AudioImporter_EditorPlatform: 3918e3fc78b5a79bad01e8451be0beb8 -> 
  custom:framework-osx-AVFoundation: e770b220cccbd017edd2c1fefb359320 -> 
  custom:video-encoder-webm-vp8: eb34c28f22e8b96e1ab97ce403110664 -> 
  custom:audio-decoder-ogg-vorbis: bf7c407c2cedff20999df2af8eb42d56 -> 
  custom:audio-encoder-webm-vorbis: bf7c407c2cedff20999df2af8eb42d56 -> 
========================================================================
Received Prepare
Refreshing native plugins compatible for Editor in 1.38 ms, found 2 plugins.
Preloading 0 native plugins for Editor in 0.00 ms.
Unloading 2 Unused Serialized files (Serialized files now loaded: 0)
Unloading 2 unused Assets / (76.3 KB). Loaded Objects now: 3741.
Memory consumption went from 92.1 MB to 92.0 MB.
Total: 2.754333 ms (FindLiveObjects: 0.129084 ms CreateObjectMapping: 0.064375 ms MarkObjects: 2.536166 ms  DeleteObjects: 0.024417 ms)

Prepare: number of updated asset objects reloaded= 0
AssetImportParameters requested are different than current active one (requested -> active):
  custom:container-demuxer-ogg: 62fdf1f143b41e24485cea50d1cbac27 -> 
  custom:video-decoder-ogg-theora: a1e56fd34408186e4bbccfd4996cb3dc -> 
  custom:CustomObjectIndexerAttribute: 756ad292c208cfabdd7b50bc23989ffe -> 
  custom:container-demuxer-webm: 4f35f7cbe854078d1ac9338744f61a02 -> 
  custom:container-muxer-webm: aa71ff27fc2769a1b78a27578f13a17b -> 
  custom:video-decoder-webm-vp8: 9c59270c3fd7afecdb556c50c9e8de78 -> 
  custom:SearchIndexIgnoredProperties: e643bd26f0fe6173181afceb89e7c659 -> 
  custom:AudioImporter_EditorPlatform: 3918e3fc78b5a79bad01e8451be0beb8 -> 
  custom:framework-osx-AVFoundation: e770b220cccbd017edd2c1fefb359320 -> 
  custom:video-encoder-webm-vp8: eb34c28f22e8b96e1ab97ce403110664 -> 
  custom:audio-decoder-ogg-vorbis: bf7c407c2cedff20999df2af8eb42d56 -> 
  custom:audio-encoder-webm-vorbis: bf7c407c2cedff20999df2af8eb42d56 -> 
========================================================================
Received Import Request.
  Time since last request: 173151.456231 seconds.
  path: Assets/Laboratory/Sprites/onscreenControls/Sprites/flatDark/flatDark31.png
  artifactKey: Guid(0bb94ad5df37c544faad930ec06fbcf0) Importer(815301076,1909f56bfc062723c751e8b465ee728b)
Start importing Assets/Laboratory/Sprites/onscreenControls/Sprites/flatDark/flatDark31.png using Guid(0bb94ad5df37c544faad930ec06fbcf0) Importer(815301076,1909f56bfc062723c751e8b465ee728b)  -> (artifact id: 'bb2643d75a7d945015eb9208fdeef0de') in 0.113718 seconds
Number of updated asset objects reloaded before import = 0
Number of asset objects unloaded after import = 3
========================================================================
Received Import Request.
  Time since last request: 0.000045 seconds.
  path: Assets/Laboratory/Sprites/onscreenControls/Sprites/flatDark/flatDark33.png
  artifactKey: Guid(023a44bf1f21b1c41ba670fdcb4404c9) Importer(815301076,1909f56bfc062723c751e8b465ee728b)
Start importing Assets/Laboratory/Sprites/onscreenControls/Sprites/flatDark/flatDark33.png using Guid(023a44bf1f21b1c41ba670fdcb4404c9) Importer(815301076,1909f56bfc062723c751e8b465ee728b)  -> (artifact id: 'b3c05f2fc0b22b25f6ba1f6930b44495') in 0.003610 seconds
Number of updated asset objects reloaded before import = 0
Number of asset objects unloaded after import = 3
========================================================================
Received Import Request.
  Time since last request: 0.301358 seconds.
  path: Assets/Laboratory/Sprites/onscreenControls/Sprites/flatDark/flatDark36.png
  artifactKey: Guid(571aebdfef4ede1468c92869d35b43c6) Importer(815301076,1909f56bfc062723c751e8b465ee728b)
Start importing Assets/Laboratory/Sprites/onscreenControls/Sprites/flatDark/flatDark36.png using Guid(571aebdfef4ede1468c92869d35b43c6) Importer(815301076,1909f56bfc062723c751e8b465ee728b)  -> (artifact id: 'e2c75acf6c3e4b1045be1824ead4a644') in 0.005038 seconds
Number of updated asset objects reloaded before import = 0
Number of asset objects unloaded after import = 3
========================================================================
Received Import Request.
  Time since last request: 0.000174 seconds.
  path: Assets/Laboratory/Sprites/onscreenControls/Sprites/flatDark/flatDark40.png
  artifactKey: Guid(71e234cd9a5f6104a9b72e0de506a6c2) Importer(815301076,1909f56bfc062723c751e8b465ee728b)
Start importing Assets/Laboratory/Sprites/onscreenControls/Sprites/flatDark/flatDark40.png using Guid(71e234cd9a5f6104a9b72e0de506a6c2) Importer(815301076,1909f56bfc062723c751e8b465ee728b)  -> (artifact id: '8ba90b13cd8429f018f8ee09f9e0ff4a') in 0.004518 seconds
Number of updated asset objects reloaded before import = 0
Number of asset objects unloaded after import = 3
========================================================================
Received Import Request.
  Time since last request: 0.032107 seconds.
  path: Assets/Laboratory/Sprites/onscreenControls/Sprites/flatDark/flatDark41.png
  artifactKey: Guid(c58888bc5331e534b879dfe05c8d2135) Importer(815301076,1909f56bfc062723c751e8b465ee728b)
Start importing Assets/Laboratory/Sprites/onscreenControls/Sprites/flatDark/flatDark41.png using Guid(c58888bc5331e534b879dfe05c8d2135) Importer(815301076,1909f56bfc062723c751e8b465ee728b)  -> (artifact id: '01f0099656243e56d981cf82fb8b0f6f') in 0.004340 seconds
Number of updated asset objects reloaded before import = 0
Number of asset objects unloaded after import = 3
========================================================================
Received Import Request.
  Time since last request: 0.000093 seconds.
  path: Assets/Laboratory/Sprites/onscreenControls/Sprites/flatDark/flatDark44.png
  artifactKey: Guid(bedf8645800ffb740971bf8e1ae3be28) Importer(815301076,1909f56bfc062723c751e8b465ee728b)
Start importing Assets/Laboratory/Sprites/onscreenControls/Sprites/flatDark/flatDark44.png using Guid(bedf8645800ffb740971bf8e1ae3be28) Importer(815301076,1909f56bfc062723c751e8b465ee728b)  -> (artifact id: '894fab4a216cec645dfec2ec2c3c3cf1') in 0.003701 seconds
Number of updated asset objects reloaded before import = 0
Number of asset objects unloaded after import = 3
========================================================================
Received Import Request.
  Time since last request: 0.000230 seconds.
  path: Assets/Laboratory/Sprites/onscreenControls/Sprites/flatDark/flatDark45.png
  artifactKey: Guid(ecef3bc25fc160b4fb49797313861b7e) Importer(815301076,1909f56bfc062723c751e8b465ee728b)
Start importing Assets/Laboratory/Sprites/onscreenControls/Sprites/flatDark/flatDark45.png using Guid(ecef3bc25fc160b4fb49797313861b7e) Importer(815301076,1909f56bfc062723c751e8b465ee728b)  -> (artifact id: '213db2a8d654a9fc78704b4e27f046de') in 0.003530 seconds
Number of updated asset objects reloaded before import = 0
Number of asset objects unloaded after import = 3
========================================================================
Received Import Request.
  Time since last request: 0.307881 seconds.
  path: Assets/Laboratory/Sprites/onscreenControls/Sprites/flatDark/flatDark46.png
  artifactKey: Guid(dd555cba72c418446869a8dc34e0296e) Importer(815301076,1909f56bfc062723c751e8b465ee728b)
Start importing Assets/Laboratory/Sprites/onscreenControls/Sprites/flatDark/flatDark46.png using Guid(dd555cba72c418446869a8dc34e0296e) Importer(815301076,1909f56bfc062723c751e8b465ee728b)  -> (artifact id: '587a2267fa26e6cb5d1bfb7139c80d6b') in 0.004996 seconds
Number of updated asset objects reloaded before import = 0
Number of asset objects unloaded after import = 3
========================================================================
Received Import Request.
  Time since last request: 0.000117 seconds.
  path: Assets/Laboratory/Sprites/onscreenControls/Sprites/flatDark/flatDark48.png
  artifactKey: Guid(16106283da92f754c89fee00c7dec2ee) Importer(815301076,1909f56bfc062723c751e8b465ee728b)
Start importing Assets/Laboratory/Sprites/onscreenControls/Sprites/flatDark/flatDark48.png using Guid(16106283da92f754c89fee00c7dec2ee) Importer(815301076,1909f56bfc062723c751e8b465ee728b)  -> (artifact id: '61fa8214bb831d63637b67842e3f106d') in 0.004593 seconds
Number of updated asset objects reloaded before import = 0
Number of asset objects unloaded after import = 3
Editor requested this worker to shutdown with reason: Scaling down because of idle timeout
TcpMessagingSession - receive error: operation aborted. errorcode: 89, details: Operation aborted.
AssetImportWorker is now disconnected from the server
Process exiting
